%!Adobe-FontList 1.19
%Locale:0x409

%BeginFont
Handler:DirectoryHandler
FontType:CID
FontName:KozGoPro-Bold
FamilyName:Kozuka Gothic Pro
StyleName:B
MenuName:Kozuka Gothic Pro B
StyleBits:2
WeightClass:700
WidthClass:5
AngleClass:0
FullName:Kozuka Gothic Pro B
FamilyNameNative:小塚ゴシック Pro
StyleNameNative:B
FullNameNative:小塚ゴシック Pro B
WritingScript:Japanese
OutlineFileName:\KozGoPro-Bold.otf
DataFormat:sfntData
isCFF:yes
hasSVG:no
VariableFontType:NonVariableFont
FileLength:3590024
FileModTime:1555540668
NameArray:0,Mac,4,Kozuka Gothic Pro B
NameArray:1,Mac,4,小塚ゴシック Pro B
NameArray:0,Win,1,Kozuka Gothic Pro B
NameArray:0,Win,16,Kozuka Gothic Pro
NameArray:1,Win,1,小塚ゴシック Pro B
NameArray:1,Win,16,小塚ゴシック Pro
%EndFont

%BeginFont
Handler:DirectoryHandler
FontType:CID
FontName:KozGoPro-ExtraLight
FamilyName:Kozuka Gothic Pro
StyleName:EL
MenuName:Kozuka Gothic Pro EL
StyleBits:0
WeightClass:250
WidthClass:5
AngleClass:0
FullName:Kozuka Gothic Pro EL
FamilyNameNative:小塚ゴシック Pro
StyleNameNative:EL
FullNameNative:小塚ゴシック Pro EL
WritingScript:Japanese
OutlineFileName:\KozGoPro-ExtraLight.otf
DataFormat:sfntData
isCFF:yes
hasSVG:no
VariableFontType:NonVariableFont
FileLength:3255804
FileModTime:1555540672
NameArray:0,Mac,4,Kozuka Gothic Pro EL
NameArray:1,Mac,4,小塚ゴシック Pro EL
NameArray:0,Win,1,Kozuka Gothic Pro EL
NameArray:0,Win,16,Kozuka Gothic Pro
NameArray:1,Win,1,小塚ゴシック Pro EL
NameArray:1,Win,16,小塚ゴシック Pro
%EndFont

%BeginFont
Handler:DirectoryHandler
FontType:CID
FontName:KozGoPro-Light
FamilyName:Kozuka Gothic Pro
StyleName:L
MenuName:Kozuka Gothic Pro L
StyleBits:0
WeightClass:300
WidthClass:5
AngleClass:0
FullName:Kozuka Gothic Pro L
FamilyNameNative:小塚ゴシック Pro
StyleNameNative:L
FullNameNative:小塚ゴシック Pro L
WritingScript:Japanese
OutlineFileName:\KozGoPro-Light.otf
DataFormat:sfntData
isCFF:yes
hasSVG:no
VariableFontType:NonVariableFont
FileLength:3459924
FileModTime:1555540674
NameArray:0,Mac,4,Kozuka Gothic Pro L
NameArray:1,Mac,4,小塚ゴシック Pro L
NameArray:0,Win,1,Kozuka Gothic Pro L
NameArray:0,Win,16,Kozuka Gothic Pro
NameArray:1,Win,1,小塚ゴシック Pro L
NameArray:1,Win,16,小塚ゴシック Pro
%EndFont

%BeginFont
Handler:DirectoryHandler
FontType:CID
FontName:KozGoPro-Medium
FamilyName:Kozuka Gothic Pro
StyleName:M
MenuName:Kozuka Gothic Pro M
StyleBits:0
WeightClass:500
WidthClass:5
AngleClass:0
FullName:Kozuka Gothic Pro M
FamilyNameNative:小塚ゴシック Pro
StyleNameNative:M
FullNameNative:小塚ゴシック Pro M
WritingScript:Japanese
OutlineFileName:\KozGoPro-Medium.otf
DataFormat:sfntData
isCFF:yes
hasSVG:no
VariableFontType:NonVariableFont
FileLength:3499164
FileModTime:1555540678
NameArray:0,Mac,4,Kozuka Gothic Pro M
NameArray:1,Mac,4,小塚ゴシック Pro M
NameArray:0,Win,1,Kozuka Gothic Pro M
NameArray:0,Win,16,Kozuka Gothic Pro
NameArray:1,Win,1,小塚ゴシック Pro M
NameArray:1,Win,16,小塚ゴシック Pro
%EndFont

%BeginFont
Handler:DirectoryHandler
FontType:TrueType
FontName:Tahoma
FamilyName:Tahoma
StyleName:Regular
MenuName:Tahoma
StyleBits:0
WeightClass:400
WidthClass:5
AngleClass:0
FullName:Tahoma
WritingScript:Roman
OutlineFileName:\Tahoma.ttf
DataFormat:sfntData
hasSVG:no
VariableFontType:NonVariableFont
FileLength:681120
FileModTime:1555540656
NameArray:0,Win,1,Tahoma
%EndFont

